<?xml version="1.0" encoding="UTF-8"?>
<!-- Generated by org.testng.reporters.JUnitReportReporter -->
<testsuite hostname="sa" failures="0" tests="3" name="testNGCase.NewTest" time="19.005" errors="0" timestamp="2021-05-22T09:44:15 IST" skipped="0">
  <testcase classname="testNGCase.NewTest" name="loginTest" time="4.714"/>
  <system-out/>
  <testcase classname="testNGCase.NewTest" name="loginTest" time="7.151"/>
  <system-out/>
  <testcase classname="testNGCase.NewTest" name="loginTest" time="7.140"/>
  <system-out/>
</testsuite> <!-- testNGCase.NewTest -->
