<?xml version="1.0" encoding="UTF-8"?>
<!-- Generated by org.testng.reporters.JUnitReportReporter -->
<testsuite hostname="sa" failures="0" tests="1" name="com.Excel.TestData" time="10.779" errors="0" timestamp="2021-05-30T09:57:23 IST" skipped="0">
  <testcase classname="com.Excel.TestData" name="verifyLogin" time="10.779"/>
  <system-out/>
</testsuite> <!-- com.Excel.TestData -->
