<?xml version="1.0" encoding="UTF-8"?>
<!-- Generated by org.testng.reporters.JUnitReportReporter -->
<testsuite hostname="sa" failures="0" tests="2" name="testNG.TestingExample" time="0.013" errors="0" timestamp="2021-05-04T19:53:26 IST" skipped="0">
  <testcase classname="testNG.TestingExample" name="Test_one" time="0.011"/>
  <system-out/>
  <testcase classname="testNG.TestingExample" name="Test_two" time="0.002"/>
  <system-out/>
</testsuite> <!-- testNG.TestingExample -->
