<?xml version="1.0" encoding="UTF-8"?>
<!-- Generated by org.testng.reporters.JUnitReportReporter -->
<testsuite hostname="sa" failures="0" tests="1" name="testNGCase.AnnotationClass" time="0.008" errors="0" timestamp="2021-05-27T23:58:26 IST" skipped="0">
  <testcase classname="testNGCase.AnnotationClass" name="f" time="0.008"/>
  <system-out/>
</testsuite> <!-- testNGCase.AnnotationClass -->
