<?xml version="1.0" encoding="UTF-8"?>
<!-- Generated by org.testng.reporters.JUnitReportReporter -->
<testsuite hostname="sa" failures="0" tests="3" name="testNGCase.TestCase5" time="19.443" errors="0" timestamp="2021-05-08T01:40:24 IST" skipped="0">
  <testcase classname="testNGCase.TestCase5" name="VerifySignIn" time="6.412"/>
  <system-out/>
  <testcase classname="testNGCase.TestCase5" name="CheckBlankPassword" time="5.657"/>
  <system-out/>
  <testcase classname="testNGCase.TestCase5" name="CheckBlankEmailid" time="7.374"/>
  <system-out/>
</testsuite> <!-- testNGCase.TestCase5 -->
