<?xml version="1.0" encoding="UTF-8"?>
<!-- Generated by org.testng.reporters.JUnitReportReporter -->
<testsuite hostname="sa" failures="0" tests="4" name="com.Excel.DpRegExcel" time="10.925" errors="0" timestamp="2021-06-05T17:28:23 IST" skipped="0">
  <testcase classname="com.Excel.DpRegExcel" name="registerTest" time="2.987"/>
  <system-out/>
  <testcase classname="com.Excel.DpRegExcel" name="registerTest" time="2.632"/>
  <system-out/>
  <testcase classname="com.Excel.DpRegExcel" name="registerTest" time="2.664"/>
  <system-out/>
  <testcase classname="com.Excel.DpRegExcel" name="registerTest" time="2.642"/>
  <system-out/>
</testsuite> <!-- com.Excel.DpRegExcel -->
