<?xml version="1.0" encoding="UTF-8"?>
<!-- Generated by org.testng.reporters.JUnitReportReporter -->
<testsuite hostname="sa" failures="0" tests="3" name="testNG.DemoTestNG" time="17.285" errors="0" timestamp="2021-05-07T17:01:03 IST" skipped="0">
  <testcase classname="testNG.DemoTestNG" name="checkTitle" time="4.737"/>
  <system-out/>
  <testcase classname="testNG.DemoTestNG" name="testNumbers" time="6.407"/>
  <system-out/>
  <testcase classname="testNG.DemoTestNG" name="checkCourse" time="6.141"/>
  <system-out/>
</testsuite> <!-- testNG.DemoTestNG -->
