<?xml version="1.0" encoding="UTF-8"?>
<!-- Generated by org.testng.reporters.JUnitReportReporter -->
<testsuite hostname="sa" failures="0" tests="2" name="testNGCase.TestCase3" time="12.642" errors="0" timestamp="2021-05-07T20:13:29 IST" skipped="0">
  <testcase classname="testNGCase.TestCase3" name="testUserPage" time="5.029"/>
  <system-out/>
  <testcase classname="testNGCase.TestCase3" name="testDelete" time="7.613"/>
  <system-out/>
</testsuite> <!-- testNGCase.TestCase3 -->
