<?xml version="1.0" encoding="UTF-8"?>
<!-- Generated by org.testng.reporters.JUnitReportReporter -->
<testsuite hostname="sa" failures="0" tests="3" name="annotations.DemoAnnotation" time="9.811" errors="0" timestamp="2021-05-28T01:35:44 IST" skipped="0">
  <testcase classname="annotations.DemoAnnotation" name="loginTest" time="2.437"/>
  <system-out/>
  <testcase classname="annotations.DemoAnnotation" name="loginTest" time="2.496"/>
  <system-out/>
  <testcase classname="annotations.DemoAnnotation" name="loginTest" time="4.878"/>
  <system-out/>
</testsuite> <!-- annotations.DemoAnnotation -->
