<?xml version="1.0" encoding="UTF-8"?>
<!-- Generated by org.testng.reporters.JUnitReportReporter -->
<testsuite hostname="sa" failures="0" tests="1" name="com.Excel.ReadExcel" time="7.288" errors="0" timestamp="2021-05-30T11:59:41 IST" skipped="0">
  <testcase classname="com.Excel.ReadExcel" name="verifyLogin" time="7.288"/>
  <system-out/>
</testsuite> <!-- com.Excel.ReadExcel -->
