<?xml version="1.0" encoding="UTF-8"?>
<!-- Generated by org.testng.reporters.JUnitReportReporter -->
<testsuite hostname="sa" failures="0" tests="1" name="testNG.TestNGClass" time="2.275" errors="0" timestamp="2021-05-02T19:47:38 IST" skipped="0">
  <testcase classname="testNG.TestNGClass" name="launchBrowser" time="2.275"/>
  <system-out/>
</testsuite> <!-- testNG.TestNGClass -->
