<?xml version="1.0" encoding="UTF-8"?>
<!-- Generated by org.testng.reporters.JUnitReportReporter -->
<testsuite hostname="sa" failures="0" tests="8" name="testNGCase.TestCase" time="56.675" errors="0" timestamp="2021-05-09T02:01:27 IST" skipped="0">
  <testcase classname="testNGCase.TestCase" name="verifyHeading" time="6.148"/>
  <system-out/>
  <testcase classname="testNGCase.TestCase" name="checkTitle" time="4.160"/>
  <system-out/>
  <testcase classname="testNGCase.TestCase" name="checkCourseName" time="8.150"/>
  <system-out/>
  <testcase classname="testNGCase.TestCase" name="checkBlankUname" time="8.901"/>
  <system-out/>
  <testcase classname="testNGCase.TestCase" name="checkBlankUpw" time="4.979"/>
  <system-out/>
  <testcase classname="testNGCase.TestCase" name="verifyInCorrectUname" time="7.993"/>
  <system-out/>
  <testcase classname="testNGCase.TestCase" name="verifyIncorrectUpw" time="6.038"/>
  <system-out/>
  <testcase classname="testNGCase.TestCase" name="verifySignIn" time="10.306"/>
  <system-out/>
</testsuite> <!-- testNGCase.TestCase -->
