<?xml version="1.0" encoding="UTF-8"?>
<!-- Generated by org.testng.reporters.JUnitReportReporter -->
<testsuite hostname="sa" failures="0" tests="4" name="dataProvider.RegisterTestEx" time="23.016" errors="0" timestamp="2021-05-22T23:02:22 IST" skipped="0">
  <testcase classname="dataProvider.RegisterTestEx" name="RegisterTest" time="5.595"/>
  <system-out/>
  <testcase classname="dataProvider.RegisterTestEx" name="RegisterTest" time="5.955"/>
  <system-out/>
  <testcase classname="dataProvider.RegisterTestEx" name="RegisterTest" time="6.241"/>
  <system-out/>
  <testcase classname="dataProvider.RegisterTestEx" name="RegisterTest" time="5.225"/>
  <system-out/>
</testsuite> <!-- dataProvider.RegisterTestEx -->
