<?xml version="1.0" encoding="UTF-8"?>
<!-- Generated by org.testng.reporters.JUnitReportReporter -->
<testsuite hostname="sa" failures="0" tests="1" name="testNG.TestngCases" time="4.682" errors="0" timestamp="2021-05-04T15:37:46 IST" skipped="0">
  <testcase classname="testNG.TestngCases" name="testNumbers" time="4.682"/>
  <system-out/>
</testsuite> <!-- testNG.TestngCases -->
