<?xml version="1.0" encoding="UTF-8"?>
<!-- Generated by org.testng.reporters.JUnitReportReporter -->
<testsuite hostname="sa" failures="0" tests="3" name="dataProvider.ExDp" time="19.912" errors="0" timestamp="2021-05-22T21:34:16 IST" skipped="0">
  <testcase classname="dataProvider.ExDp" name="loginTest" time="7.705"/>
  <system-out/>
  <testcase classname="dataProvider.ExDp" name="loginTest" time="4.830"/>
  <system-out/>
  <testcase classname="dataProvider.ExDp" name="loginTest" time="7.377"/>
  <system-out/>
</testsuite> <!-- dataProvider.ExDp -->
