<?xml version="1.0" encoding="UTF-8"?>
<!-- Generated by org.testng.reporters.JUnitReportReporter -->
<testsuite hostname="sa" failures="0" tests="2" name="testNG.TestingExample1" time="0.006" errors="0" timestamp="2021-05-04T19:53:26 IST" skipped="0">
  <testcase classname="testNG.TestingExample1" name="Test_three" time="0.003"/>
  <system-out/>
  <testcase classname="testNG.TestingExample1" name="Test_four" time="0.003"/>
  <system-out/>
</testsuite> <!-- testNG.TestingExample1 -->
