<?xml version="1.0" encoding="UTF-8"?>
<!-- Generated by org.testng.reporters.JUnitReportReporter -->
<testsuite hostname="sa" failures="0" tests="4" name="testNGCase.TestCase2" time="36.350" errors="0" timestamp="2021-05-15T00:44:11 IST" skipped="0">
  <testcase classname="testNGCase.TestCase2" name="CheckRegisterBlankPassword" time="6.994"/>
  <system-out/>
  <testcase classname="testNGCase.TestCase2" name="VerifyRegisterSignIn" time="8.377"/>
  <system-out/>
  <testcase classname="testNGCase.TestCase2" name="verifyAlreadyAccount" time="7.839"/>
  <system-out/>
  <testcase classname="testNGCase.TestCase2" name="verifyTitle" time="13.140"/>
  <system-out/>
</testsuite> <!-- testNGCase.TestCase2 -->
