<?xml version="1.0" encoding="UTF-8"?>
<!-- Generated by org.testng.reporters.JUnitReportReporter -->
<testsuite hostname="sa" failures="0" tests="1" name="annotations.AnnotationClass" time="0.006" errors="0" timestamp="2021-05-28T00:06:48 IST" skipped="0">
  <testcase classname="annotations.AnnotationClass" name="f" time="0.006"/>
  <system-out/>
</testsuite> <!-- annotations.AnnotationClass -->
