<?xml version="1.0" encoding="UTF-8"?>
<!-- Generated by org.testng.reporters.JUnitReportReporter -->
<testsuite hostname="sa" failures="0" tests="3" name="testNGCase.TestCase4" time="16.225" errors="0" timestamp="2021-05-09T00:48:01 IST" skipped="0">
  <testcase classname="testNGCase.TestCase4" name="CheckBlankMobileNo" time="5.918"/>
  <system-out/>
  <testcase classname="testNGCase.TestCase4" name="RegisterPage" time="5.032"/>
  <system-out/>
  <testcase classname="testNGCase.TestCase4" name="CheckBlankUserName" time="5.275"/>
  <system-out/>
</testsuite> <!-- testNGCase.TestCase4 -->
