<?xml version="1.0" encoding="UTF-8"?>
<!-- Generated by org.testng.reporters.JUnitReportReporter -->
<testsuite hostname="sa" failures="0" tests="1" name="com.Excel.TestExcel" time="0.157" errors="0" timestamp="2021-05-30T11:59:08 IST" skipped="0">
  <testcase classname="com.Excel.TestExcel" name="Test" time="0.157"/>
  <system-out/>
</testsuite> <!-- com.Excel.TestExcel -->
