<?xml version="1.0" encoding="UTF-8"?>
<!-- Generated by org.testng.reporters.JUnitReportReporter -->
<testsuite hostname="sa" failures="0" tests="2" name="testNGCase.TestCase6" time="10.660" errors="0" timestamp="2021-05-09T01:05:05 IST" skipped="0">
  <testcase classname="testNGCase.TestCase6" name="verifyTitle" time="4.075"/>
  <system-out/>
  <testcase classname="testNGCase.TestCase6" name="verifyAccount" time="6.585"/>
  <system-out/>
</testsuite> <!-- testNGCase.TestCase6 -->
